0:0:0:0:0:0:0:1 -  -  [04/Apr/2014:10:34:01 +0000] "GET /solr/ HTTP/1.1" 200 - 
fe80:0:0:0:0:0:0:1%1 -  -  [04/Apr/2014:10:34:01 +0000] "GET /solr/css/styles/analysis.css?_=4.3.1 HTTP/1.1" 200 - 
fe80:0:0:0:0:0:0:1%1 -  -  [04/Apr/2014:10:34:01 +0000] "GET /solr/css/styles/cores.css?_=4.3.1 HTTP/1.1" 200 - 
fe80:0:0:0:0:0:0:1%1 -  -  [04/Apr/2014:10:34:01 +0000] "GET /solr/css/styles/dashboard.css?_=4.3.1 HTTP/1.1" 200 - 
fe80:0:0:0:0:0:0:1%1 -  -  [04/Apr/2014:10:34:01 +0000] "GET /solr/css/styles/cloud.css?_=4.3.1 HTTP/1.1" 200 - 
0:0:0:0:0:0:0:1 -  -  [04/Apr/2014:10:34:01 +0000] "GET /solr/css/styles/common.css?_=4.3.1 HTTP/1.1" 200 - 
fe80:0:0:0:0:0:0:1%1 -  -  [04/Apr/2014:10:34:01 +0000] "GET /solr/css/styles/index.css?_=4.3.1 HTTP/1.1" 200 - 
fe80:0:0:0:0:0:0:1%1 -  -  [04/Apr/2014:10:34:01 +0000] "GET /solr/css/styles/logging.css?_=4.3.1 HTTP/1.1" 200 - 
fe80:0:0:0:0:0:0:1%1 -  -  [04/Apr/2014:10:34:01 +0000] "GET /solr/css/styles/dataimport.css?_=4.3.1 HTTP/1.1" 200 - 
fe80:0:0:0:0:0:0:1%1 -  -  [04/Apr/2014:10:34:01 +0000] "GET /solr/css/styles/plugins.css?_=4.3.1 HTTP/1.1" 200 - 
0:0:0:0:0:0:0:1 -  -  [04/Apr/2014:10:34:01 +0000] "GET /solr/css/styles/query.css?_=4.3.1 HTTP/1.1" 200 - 
fe80:0:0:0:0:0:0:1%1 -  -  [04/Apr/2014:10:34:01 +0000] "GET /solr/css/styles/menu.css?_=4.3.1 HTTP/1.1" 200 - 
fe80:0:0:0:0:0:0:1%1 -  -  [04/Apr/2014:10:34:01 +0000] "GET /solr/css/styles/replication.css?_=4.3.1 HTTP/1.1" 200 - 
fe80:0:0:0:0:0:0:1%1 -  -  [04/Apr/2014:10:34:01 +0000] "GET /solr/css/styles/schema-browser.css?_=4.3.1 HTTP/1.1" 200 - 
fe80:0:0:0:0:0:0:1%1 -  -  [04/Apr/2014:10:34:01 +0000] "GET /solr/css/styles/java-properties.css?_=4.3.1 HTTP/1.1" 200 - 
0:0:0:0:0:0:0:1 -  -  [04/Apr/2014:10:34:01 +0000] "GET /solr/css/chosen.css?_=4.3.1 HTTP/1.1" 200 - 
fe80:0:0:0:0:0:0:1%1 -  -  [04/Apr/2014:10:34:01 +0000] "GET /solr/css/styles/threads.css?_=4.3.1 HTTP/1.1" 200 - 
0:0:0:0:0:0:0:1 -  -  [04/Apr/2014:10:34:01 +0000] "GET /solr/js/require.js?_=4.3.1 HTTP/1.1" 200 - 
0:0:0:0:0:0:0:1 -  -  [04/Apr/2014:10:34:01 +0000] "GET /solr/js/main.js?_=4.3.1 HTTP/1.1" 200 - 
fe80:0:0:0:0:0:0:1%1 -  -  [04/Apr/2014:10:34:01 +0000] "GET /solr/img/solr.png HTTP/1.1" 200 - 
fe80:0:0:0:0:0:0:1%1 -  -  [04/Apr/2014:10:34:01 +0000] "GET /solr/img/ico/dashboard.png HTTP/1.1" 200 - 
0:0:0:0:0:0:0:1 -  -  [04/Apr/2014:10:34:01 +0000] "GET /solr/img/ico/inbox-document-text.png HTTP/1.1" 200 - 
0:0:0:0:0:0:0:1 -  -  [04/Apr/2014:10:34:01 +0000] "GET /solr/img/ico/document-text.png HTTP/1.1" 200 - 
0:0:0:0:0:0:0:1 -  -  [04/Apr/2014:10:34:01 +0000] "GET /solr/img/ico/jar.png HTTP/1.1" 200 - 
0:0:0:0:0:0:0:1 -  -  [04/Apr/2014:10:34:01 +0000] "GET /solr/img/ico/databases.png HTTP/1.1" 200 - 
0:0:0:0:0:0:0:1 -  -  [04/Apr/2014:10:34:01 +0000] "GET /solr/img/ico/ui-accordion.png HTTP/1.1" 200 - 
0:0:0:0:0:0:0:1 -  -  [04/Apr/2014:10:34:01 +0000] "GET /solr/img/ico/bug.png HTTP/1.1" 200 - 
0:0:0:0:0:0:0:1 -  -  [04/Apr/2014:10:34:01 +0000] "GET /solr/img/ico/users.png HTTP/1.1" 200 - 
0:0:0:0:0:0:0:1 -  -  [04/Apr/2014:10:34:01 +0000] "GET /solr/img/ico/mail.png HTTP/1.1" 200 - 
0:0:0:0:0:0:0:1 -  -  [04/Apr/2014:10:34:01 +0000] "GET /solr/img/ico/script-code.png HTTP/1.1" 200 - 
0:0:0:0:0:0:0:1 -  -  [04/Apr/2014:10:34:01 +0000] "GET /solr/js/lib/order.js?_=4.3.1 HTTP/1.1" 200 - 
0:0:0:0:0:0:0:1 -  -  [04/Apr/2014:10:34:01 +0000] "GET /solr/js/lib/console.js?_=4.3.1 HTTP/1.1" 200 - 
fe80:0:0:0:0:0:0:1%1 -  -  [04/Apr/2014:10:34:01 +0000] "GET /solr/js/lib/jquery.form.js?_=4.3.1 HTTP/1.1" 200 - 
0:0:0:0:0:0:0:1 -  -  [04/Apr/2014:10:34:01 +0000] "GET /solr/js/scripts/dataimport.js?_=4.3.1 HTTP/1.1" 200 - 
fe80:0:0:0:0:0:0:1%1 -  -  [04/Apr/2014:10:34:01 +0000] "GET /solr/js/lib/jquery.timeago.js?_=4.3.1 HTTP/1.1" 200 - 
fe80:0:0:0:0:0:0:1%1 -  -  [04/Apr/2014:10:34:01 +0000] "GET /solr/js/scripts/dashboard.js?_=4.3.1 HTTP/1.1" 200 - 
fe80:0:0:0:0:0:0:1%1 -  -  [04/Apr/2014:10:34:01 +0000] "GET /solr/js/lib/jquery.sammy.js?_=4.3.1 HTTP/1.1" 200 - 
fe80:0:0:0:0:0:0:1%1 -  -  [04/Apr/2014:10:34:01 +0000] "GET /solr/js/lib/jquery.cookie.js?_=4.3.1 HTTP/1.1" 200 - 
fe80:0:0:0:0:0:0:1%1 -  -  [04/Apr/2014:10:34:01 +0000] "GET /solr/js/lib/jquery.jstree.js?_=4.3.1 HTTP/1.1" 200 - 
fe80:0:0:0:0:0:0:1%1 -  -  [04/Apr/2014:10:34:01 +0000] "GET /solr/js/scripts/ping.js?_=4.3.1 HTTP/1.1" 200 - 
fe80:0:0:0:0:0:0:1%1 -  -  [04/Apr/2014:10:34:01 +0000] "GET /solr/js/scripts/logging.js?_=4.3.1 HTTP/1.1" 200 - 
fe80:0:0:0:0:0:0:1%1 -  -  [04/Apr/2014:10:34:01 +0000] "GET /solr/js/scripts/plugins.js?_=4.3.1 HTTP/1.1" 200 - 
fe80:0:0:0:0:0:0:1%1 -  -  [04/Apr/2014:10:34:01 +0000] "GET /solr/js/scripts/query.js?_=4.3.1 HTTP/1.1" 200 - 
fe80:0:0:0:0:0:0:1%1 -  -  [04/Apr/2014:10:34:01 +0000] "GET /solr/js/scripts/schema-browser.js?_=4.3.1 HTTP/1.1" 200 - 
fe80:0:0:0:0:0:0:1%1 -  -  [04/Apr/2014:10:34:01 +0000] "GET /solr/js/scripts/replication.js?_=4.3.1 HTTP/1.1" 200 - 
fe80:0:0:0:0:0:0:1%1 -  -  [04/Apr/2014:10:34:01 +0000] "GET /solr/js/scripts/threads.js?_=4.3.1 HTTP/1.1" 200 - 
fe80:0:0:0:0:0:0:1%1 -  -  [04/Apr/2014:10:34:01 +0000] "GET /solr/js/lib/jquery.autogrow.js?_=4.3.1 HTTP/1.1" 200 - 
0:0:0:0:0:0:0:1 -  -  [04/Apr/2014:10:34:01 +0000] "GET /solr/js/scripts/file.js?_=4.3.1 HTTP/1.1" 200 - 
fe80:0:0:0:0:0:0:1%1 -  -  [04/Apr/2014:10:34:01 +0000] "GET /solr/js/scripts/java-properties.js?_=4.3.1 HTTP/1.1" 200 - 
fe80:0:0:0:0:0:0:1%1 -  -  [04/Apr/2014:10:34:01 +0000] "GET /solr/js/scripts/index.js?_=4.3.1 HTTP/1.1" 200 - 
0:0:0:0:0:0:0:1 -  -  [04/Apr/2014:10:34:01 +0000] "GET /solr/js/lib/jquery.blockUI.js?_=4.3.1 HTTP/1.1" 200 - 
0:0:0:0:0:0:0:1 -  -  [04/Apr/2014:10:34:01 +0000] "GET /solr/js/lib/highlight.js?_=4.3.1 HTTP/1.1" 200 - 
0:0:0:0:0:0:0:1 -  -  [04/Apr/2014:10:34:01 +0000] "GET /solr/js/lib/linker.js?_=4.3.1 HTTP/1.1" 200 - 
0:0:0:0:0:0:0:1 -  -  [04/Apr/2014:10:34:01 +0000] "GET /solr/js/scripts/analysis.js?_=4.3.1 HTTP/1.1" 200 - 
0:0:0:0:0:0:0:1 -  -  [04/Apr/2014:10:34:01 +0000] "GET /solr/js/scripts/app.js?_=4.3.1 HTTP/1.1" 200 - 
0:0:0:0:0:0:0:1 -  -  [04/Apr/2014:10:34:01 +0000] "GET /solr/js/lib/d3.js?_=4.3.1 HTTP/1.1" 200 - 
0:0:0:0:0:0:0:1 -  -  [04/Apr/2014:10:34:01 +0000] "GET /solr/js/scripts/cores.js?_=4.3.1 HTTP/1.1" 200 - 
0:0:0:0:0:0:0:1 -  -  [04/Apr/2014:10:34:01 +0000] "GET /solr/js/lib/ZeroClipboard.js?_=4.3.1 HTTP/1.1" 200 - 
fe80:0:0:0:0:0:0:1%1 -  -  [04/Apr/2014:10:34:01 +0000] "GET /solr/js/lib/chosen.js?_=4.3.1 HTTP/1.1" 200 - 
0:0:0:0:0:0:0:1 -  -  [04/Apr/2014:10:34:01 +0000] "GET /solr/js/scripts/cloud.js?_=4.3.1 HTTP/1.1" 200 - 
0:0:0:0:0:0:0:1 -  -  [04/Apr/2014:10:34:01 +0000] "GET /solr/img/loader.gif HTTP/1.1" 200 - 
0:0:0:0:0:0:0:1 -  -  [04/Apr/2014:10:34:01 +0000] "GET /solr/admin/cores?wt=json&indexInfo=false&_=1396607641864 HTTP/1.1" 200 - 
0:0:0:0:0:0:0:1 -  -  [04/Apr/2014:10:34:02 +0000] "GET /solr/img/chosen-sprite.png HTTP/1.1" 200 - 
0:0:0:0:0:0:0:1 -  -  [04/Apr/2014:10:34:02 +0000] "GET /solr/collection1/admin/system?wt=json&_=1396607641973 HTTP/1.1" 200 - 
0:0:0:0:0:0:0:1 -  -  [04/Apr/2014:10:34:02 +0000] "GET /solr/tpl/index.html?_=1396607642121 HTTP/1.1" 200 - 
0:0:0:0:0:0:0:1 -  -  [04/Apr/2014:10:34:02 +0000] "GET /solr/img/ico/memory.png HTTP/1.1" 200 - 
0:0:0:0:0:0:0:1 -  -  [04/Apr/2014:10:34:02 +0000] "GET /solr/img/ico/server.png HTTP/1.1" 200 - 
0:0:0:0:0:0:0:1 -  -  [04/Apr/2014:10:34:02 +0000] "GET /solr/img/ico/system-monitor.png HTTP/1.1" 200 - 
0:0:0:0:0:0:0:1 -  -  [04/Apr/2014:10:34:02 +0000] "GET /solr/img/ico/property.png HTTP/1.1" 200 - 
0:0:0:0:0:0:0:1 -  -  [04/Apr/2014:10:34:02 +0000] "GET /solr/img/ico/clock-select.png HTTP/1.1" 200 - 
0:0:0:0:0:0:0:1 -  -  [04/Apr/2014:10:34:02 +0000] "GET /solr/img/ico/arrow-circle.png HTTP/1.1" 200 - 
0:0:0:0:0:0:0:1 -  -  [04/Apr/2014:10:34:02 +0000] "GET /solr/img/ico/globe.png HTTP/1.1" 200 - 
0:0:0:0:0:0:0:1 -  -  [04/Apr/2014:10:34:02 +0000] "GET /solr/img/ico/folder.png HTTP/1.1" 200 - 
0:0:0:0:0:0:0:1 -  -  [04/Apr/2014:10:34:02 +0000] "GET /solr/img/ico/processor.png HTTP/1.1" 200 - 
0:0:0:0:0:0:0:1 -  -  [04/Apr/2014:10:34:02 +0000] "GET /solr/img/solr-ico.png HTTP/1.1" 200 - 
0:0:0:0:0:0:0:1 -  -  [04/Apr/2014:10:34:02 +0000] "GET /solr/img/ico/terminal.png HTTP/1.1" 200 - 
0:0:0:0:0:0:0:1 -  -  [04/Apr/2014:10:34:02 +0000] "GET /solr/img/lucene-ico.png HTTP/1.1" 200 - 
0:0:0:0:0:0:0:1 -  -  [04/Apr/2014:14:31:15 +0000] "GET /solr/ HTTP/1.1" 200 - 
0:0:0:0:0:0:0:1 -  -  [04/Apr/2014:14:31:15 +0000] "GET /solr/css/styles/common.css?_=4.3.1 HTTP/1.1" 200 - 
0:0:0:0:0:0:0:1 -  -  [04/Apr/2014:14:31:15 +0000] "GET /solr/css/styles/cores.css?_=4.3.1 HTTP/1.1" 200 - 
0:0:0:0:0:0:0:1 -  -  [04/Apr/2014:14:31:15 +0000] "GET /solr/css/styles/dashboard.css?_=4.3.1 HTTP/1.1" 200 - 
0:0:0:0:0:0:0:1 -  -  [04/Apr/2014:14:31:15 +0000] "GET /solr/css/styles/analysis.css?_=4.3.1 HTTP/1.1" 200 - 
0:0:0:0:0:0:0:1 -  -  [04/Apr/2014:14:31:15 +0000] "GET /solr/css/styles/java-properties.css?_=4.3.1 HTTP/1.1" 200 - 
0:0:0:0:0:0:0:1 -  -  [04/Apr/2014:14:31:15 +0000] "GET /solr/css/styles/dataimport.css?_=4.3.1 HTTP/1.1" 200 - 
0:0:0:0:0:0:0:1 -  -  [04/Apr/2014:14:31:15 +0000] "GET /solr/css/styles/cloud.css?_=4.3.1 HTTP/1.1" 200 - 
0:0:0:0:0:0:0:1 -  -  [04/Apr/2014:14:31:15 +0000] "GET /solr/css/styles/plugins.css?_=4.3.1 HTTP/1.1" 200 - 
0:0:0:0:0:0:0:1 -  -  [04/Apr/2014:14:31:15 +0000] "GET /solr/css/styles/logging.css?_=4.3.1 HTTP/1.1" 200 - 
0:0:0:0:0:0:0:1 -  -  [04/Apr/2014:14:31:15 +0000] "GET /solr/css/styles/index.css?_=4.3.1 HTTP/1.1" 200 - 
0:0:0:0:0:0:0:1 -  -  [04/Apr/2014:14:31:15 +0000] "GET /solr/css/styles/replication.css?_=4.3.1 HTTP/1.1" 200 - 
0:0:0:0:0:0:0:1 -  -  [04/Apr/2014:14:31:15 +0000] "GET /solr/css/styles/query.css?_=4.3.1 HTTP/1.1" 200 - 
0:0:0:0:0:0:0:1 -  -  [04/Apr/2014:14:31:15 +0000] "GET /solr/css/styles/menu.css?_=4.3.1 HTTP/1.1" 200 - 
0:0:0:0:0:0:0:1 -  -  [04/Apr/2014:14:31:15 +0000] "GET /solr/css/chosen.css?_=4.3.1 HTTP/1.1" 200 - 
0:0:0:0:0:0:0:1 -  -  [04/Apr/2014:14:31:15 +0000] "GET /solr/css/styles/schema-browser.css?_=4.3.1 HTTP/1.1" 200 - 
0:0:0:0:0:0:0:1 -  -  [04/Apr/2014:14:31:15 +0000] "GET /solr/css/styles/threads.css?_=4.3.1 HTTP/1.1" 200 - 
0:0:0:0:0:0:0:1 -  -  [04/Apr/2014:14:31:15 +0000] "GET /solr/js/require.js?_=4.3.1 HTTP/1.1" 200 - 
0:0:0:0:0:0:0:1 -  -  [04/Apr/2014:14:31:16 +0000] "GET /solr/js/main.js?_=4.3.1 HTTP/1.1" 200 - 
0:0:0:0:0:0:0:1 -  -  [04/Apr/2014:14:31:16 +0000] "GET /solr/js/lib/order.js?_=4.3.1 HTTP/1.1" 200 - 
0:0:0:0:0:0:0:1 -  -  [04/Apr/2014:14:31:16 +0000] "GET /solr/js/lib/jquery.sammy.js?_=4.3.1 HTTP/1.1" 200 - 
0:0:0:0:0:0:0:1 -  -  [04/Apr/2014:14:31:16 +0000] "GET /solr/js/lib/jquery.cookie.js?_=4.3.1 HTTP/1.1" 200 - 
0:0:0:0:0:0:0:1 -  -  [04/Apr/2014:14:31:16 +0000] "GET /solr/js/lib/console.js?_=4.3.1 HTTP/1.1" 200 - 
0:0:0:0:0:0:0:1 -  -  [04/Apr/2014:14:31:16 +0000] "GET /solr/js/lib/jquery.blockUI.js?_=4.3.1 HTTP/1.1" 200 - 
0:0:0:0:0:0:0:1 -  -  [04/Apr/2014:14:31:16 +0000] "GET /solr/js/lib/jquery.autogrow.js?_=4.3.1 HTTP/1.1" 200 - 
0:0:0:0:0:0:0:1 -  -  [04/Apr/2014:14:31:16 +0000] "GET /solr/js/lib/jquery.jstree.js?_=4.3.1 HTTP/1.1" 200 - 
0:0:0:0:0:0:0:1 -  -  [04/Apr/2014:14:31:16 +0000] "GET /solr/js/lib/jquery.form.js?_=4.3.1 HTTP/1.1" 200 - 
0:0:0:0:0:0:0:1 -  -  [04/Apr/2014:14:31:16 +0000] "GET /solr/js/lib/jquery.timeago.js?_=4.3.1 HTTP/1.1" 200 - 
0:0:0:0:0:0:0:1 -  -  [04/Apr/2014:14:31:16 +0000] "GET /solr/js/lib/highlight.js?_=4.3.1 HTTP/1.1" 200 - 
0:0:0:0:0:0:0:1 -  -  [04/Apr/2014:14:31:16 +0000] "GET /solr/js/lib/chosen.js?_=4.3.1 HTTP/1.1" 200 - 
0:0:0:0:0:0:0:1 -  -  [04/Apr/2014:14:31:16 +0000] "GET /solr/js/scripts/app.js?_=4.3.1 HTTP/1.1" 200 - 
0:0:0:0:0:0:0:1 -  -  [04/Apr/2014:14:31:16 +0000] "GET /solr/js/lib/ZeroClipboard.js?_=4.3.1 HTTP/1.1" 200 - 
0:0:0:0:0:0:0:1 -  -  [04/Apr/2014:14:31:16 +0000] "GET /solr/js/lib/d3.js?_=4.3.1 HTTP/1.1" 200 - 
0:0:0:0:0:0:0:1 -  -  [04/Apr/2014:14:31:16 +0000] "GET /solr/js/lib/linker.js?_=4.3.1 HTTP/1.1" 200 - 
0:0:0:0:0:0:0:1 -  -  [04/Apr/2014:14:31:16 +0000] "GET /solr/js/scripts/cores.js?_=4.3.1 HTTP/1.1" 200 - 
0:0:0:0:0:0:0:1 -  -  [04/Apr/2014:14:31:16 +0000] "GET /solr/js/scripts/cloud.js?_=4.3.1 HTTP/1.1" 200 - 
0:0:0:0:0:0:0:1 -  -  [04/Apr/2014:14:31:16 +0000] "GET /solr/js/scripts/dataimport.js?_=4.3.1 HTTP/1.1" 200 - 
0:0:0:0:0:0:0:1 -  -  [04/Apr/2014:14:31:16 +0000] "GET /solr/js/scripts/dashboard.js?_=4.3.1 HTTP/1.1" 200 - 
0:0:0:0:0:0:0:1 -  -  [04/Apr/2014:14:31:16 +0000] "GET /solr/js/scripts/analysis.js?_=4.3.1 HTTP/1.1" 200 - 
0:0:0:0:0:0:0:1 -  -  [04/Apr/2014:14:31:16 +0000] "GET /solr/js/scripts/logging.js?_=4.3.1 HTTP/1.1" 200 - 
0:0:0:0:0:0:0:1 -  -  [04/Apr/2014:14:31:16 +0000] "GET /solr/js/scripts/index.js?_=4.3.1 HTTP/1.1" 200 - 
0:0:0:0:0:0:0:1 -  -  [04/Apr/2014:14:31:16 +0000] "GET /solr/js/scripts/java-properties.js?_=4.3.1 HTTP/1.1" 200 - 
0:0:0:0:0:0:0:1 -  -  [04/Apr/2014:14:31:16 +0000] "GET /solr/js/scripts/file.js?_=4.3.1 HTTP/1.1" 200 - 
0:0:0:0:0:0:0:1 -  -  [04/Apr/2014:14:31:16 +0000] "GET /solr/js/scripts/plugins.js?_=4.3.1 HTTP/1.1" 200 - 
0:0:0:0:0:0:0:1 -  -  [04/Apr/2014:14:31:16 +0000] "GET /solr/js/scripts/query.js?_=4.3.1 HTTP/1.1" 200 - 
0:0:0:0:0:0:0:1 -  -  [04/Apr/2014:14:31:16 +0000] "GET /solr/js/scripts/replication.js?_=4.3.1 HTTP/1.1" 200 - 
0:0:0:0:0:0:0:1 -  -  [04/Apr/2014:14:31:16 +0000] "GET /solr/js/scripts/ping.js?_=4.3.1 HTTP/1.1" 200 - 
0:0:0:0:0:0:0:1 -  -  [04/Apr/2014:14:31:16 +0000] "GET /solr/js/scripts/threads.js?_=4.3.1 HTTP/1.1" 200 - 
0:0:0:0:0:0:0:1 -  -  [04/Apr/2014:14:31:16 +0000] "GET /solr/js/scripts/schema-browser.js?_=4.3.1 HTTP/1.1" 200 - 
0:0:0:0:0:0:0:1 -  -  [04/Apr/2014:14:31:16 +0000] "GET /solr/admin/cores?wt=json&indexInfo=false&_=1396621876455 HTTP/1.1" 200 - 
0:0:0:0:0:0:0:1 -  -  [04/Apr/2014:14:31:16 +0000] "GET /solr/collection1/admin/system?wt=json&_=1396621876565 HTTP/1.1" 200 - 
0:0:0:0:0:0:0:1 -  -  [04/Apr/2014:14:31:16 +0000] "GET /solr/tpl/index.html?_=1396621876691 HTTP/1.1" 200 - 
